<?xml version="1.0" encoding="UTF-8"?>
<!-- Generated by org.testng.reporters.JUnitReportReporter -->
<testsuite hostname="DESKTOP-0RVQS1B" failures="0" tests="1" name="com.hrms.testcases.LoginTest" time="0.000" errors="0" timestamp="2023-11-03T17:39:01 IST" skipped="1">
  <testcase classname="com.hrms.testcases.LoginTest" name="cd" time="0.000">
    <skipped/>
  </testcase> <!-- cd -->
  <system-out/>
</testsuite> <!-- com.hrms.testcases.LoginTest -->
