<?xml version="1.0" encoding="UTF-8"?>
<!-- Generated by org.testng.reporters.JUnitReportReporter -->
<testsuite hostname="DESKTOP-PL5CLH7" failures="0" tests="1" name="com.hrms.testcases.calTest" time="49.124" errors="0" timestamp="2023-10-28T14:38:25 IST" skipped="0">
  <testcase classname="com.hrms.testcases.calTest" name="verifylogin" time="49.124"/>
  <system-out/>
</testsuite> <!-- com.hrms.testcases.calTest -->
